2015/11/15 19:47:47 [error] [exception.CException] exception 'CException' with message 'SiteController cannot find the requested view "coin".' in /home/raffix/yii/framework/web/CController.php:878
Stack trace:
#0 /home/raffix/yii/framework/web/CController.php(782): CController->renderPartial('coin', Array, true)
#1 /var/www/html/coinChange/protected/controllers/SiteController.php(35): CController->render('coin', Array)
#2 /home/raffix/yii/framework/web/actions/CInlineAction.php(49): SiteController->actionIndex()
#3 /home/raffix/yii/framework/web/CController.php(308): CInlineAction->runWithParams(Array)
#4 /home/raffix/yii/framework/web/CController.php(286): CController->runAction(Object(CInlineAction))
#5 /home/raffix/yii/framework/web/CController.php(265): CController->runActionWithFilters(Object(CInlineAction), Array)
#6 /home/raffix/yii/framework/web/CWebApplication.php(282): CController->run('index')
#7 /home/raffix/yii/framework/web/CWebApplication.php(141): CWebApplication->runController('site/index')
#8 /home/raffix/yii/framework/base/CApplication.php(184): CWebApplication->processRequest()
#9 /var/www/html/coinChange/index.php(13): CApplication->run()
#10 {main}
REQUEST_URI=/coinChange/index.php?r=site/index
HTTP_REFERER=http://localhost/coinChange/index.php?r=site/page&view=about
---
2015/11/15 20:59:31 [error] [php] Undefined variable: model (/var/www/html/coinChange/protected/views/site/index.php:20)
Stack trace:
#0 /home/raffix/yii/framework/web/CController.php(869): SiteController->renderFile()
#1 /home/raffix/yii/framework/web/CController.php(782): SiteController->renderPartial()
#2 /var/www/html/coinChange/protected/controllers/SiteController.php(32): SiteController->render()
#3 /home/raffix/yii/framework/web/actions/CInlineAction.php(49): SiteController->actionIndex()
#4 /home/raffix/yii/framework/web/CController.php(308): CInlineAction->runWithParams()
#5 /home/raffix/yii/framework/web/CController.php(286): SiteController->runAction()
#6 /home/raffix/yii/framework/web/CController.php(265): SiteController->runActionWithFilters()
#7 /home/raffix/yii/framework/web/CWebApplication.php(282): SiteController->run()
#8 /home/raffix/yii/framework/web/CWebApplication.php(141): CWebApplication->runController()
#9 /home/raffix/yii/framework/base/CApplication.php(184): CWebApplication->processRequest()
#10 /var/www/html/coinChange/index.php(13): CWebApplication->run()
REQUEST_URI=/coinChange/
in /var/www/html/coinChange/protected/views/site/index.php (20)
in /var/www/html/coinChange/protected/controllers/SiteController.php (32)
in /var/www/html/coinChange/index.php (13)
2015/11/15 21:19:03 [error] [php] Undefined variable: model (/var/www/html/coinChange/protected/views/site/index.php:20)
Stack trace:
#0 /home/raffix/yii/framework/web/CController.php(869): SiteController->renderFile()
#1 /home/raffix/yii/framework/web/CController.php(782): SiteController->renderPartial()
#2 /var/www/html/coinChange/protected/controllers/SiteController.php(32): SiteController->render()
#3 /home/raffix/yii/framework/web/actions/CInlineAction.php(49): SiteController->actionIndex()
#4 /home/raffix/yii/framework/web/CController.php(308): CInlineAction->runWithParams()
#5 /home/raffix/yii/framework/web/CController.php(286): SiteController->runAction()
#6 /home/raffix/yii/framework/web/CController.php(265): SiteController->runActionWithFilters()
#7 /home/raffix/yii/framework/web/CWebApplication.php(282): SiteController->run()
#8 /home/raffix/yii/framework/web/CWebApplication.php(141): CWebApplication->runController()
#9 /home/raffix/yii/framework/base/CApplication.php(184): CWebApplication->processRequest()
#10 /var/www/html/coinChange/index.php(13): CWebApplication->run()
REQUEST_URI=/coinChange/
in /var/www/html/coinChange/protected/views/site/index.php (20)
in /var/www/html/coinChange/protected/controllers/SiteController.php (32)
in /var/www/html/coinChange/index.php (13)
2015/11/15 21:22:48 [error] [php] Undefined variable: model (/var/www/html/coinChange/protected/views/site/index.php:18)
Stack trace:
#0 /home/raffix/yii/framework/web/CController.php(869): SiteController->renderFile()
#1 /home/raffix/yii/framework/web/CController.php(782): SiteController->renderPartial()
#2 /var/www/html/coinChange/protected/controllers/SiteController.php(32): SiteController->render()
#3 /home/raffix/yii/framework/web/actions/CInlineAction.php(49): SiteController->actionIndex()
#4 /home/raffix/yii/framework/web/CController.php(308): CInlineAction->runWithParams()
#5 /home/raffix/yii/framework/web/CController.php(286): SiteController->runAction()
#6 /home/raffix/yii/framework/web/CController.php(265): SiteController->runActionWithFilters()
#7 /home/raffix/yii/framework/web/CWebApplication.php(282): SiteController->run()
#8 /home/raffix/yii/framework/web/CWebApplication.php(141): CWebApplication->runController()
#9 /home/raffix/yii/framework/base/CApplication.php(184): CWebApplication->processRequest()
#10 /var/www/html/coinChange/index.php(13): CWebApplication->run()
REQUEST_URI=/coinChange/
in /var/www/html/coinChange/protected/views/site/index.php (18)
in /var/www/html/coinChange/protected/controllers/SiteController.php (32)
in /var/www/html/coinChange/index.php (13)
2015/11/15 21:23:32 [error] [php] Undefined variable: model (/var/www/html/coinChange/protected/views/site/index.php:18)
Stack trace:
#0 /home/raffix/yii/framework/web/CController.php(869): SiteController->renderFile()
#1 /home/raffix/yii/framework/web/CController.php(782): SiteController->renderPartial()
#2 /var/www/html/coinChange/protected/controllers/SiteController.php(32): SiteController->render()
#3 /home/raffix/yii/framework/web/actions/CInlineAction.php(49): SiteController->actionIndex()
#4 /home/raffix/yii/framework/web/CController.php(308): CInlineAction->runWithParams()
#5 /home/raffix/yii/framework/web/CController.php(286): SiteController->runAction()
#6 /home/raffix/yii/framework/web/CController.php(265): SiteController->runActionWithFilters()
#7 /home/raffix/yii/framework/web/CWebApplication.php(282): SiteController->run()
#8 /home/raffix/yii/framework/web/CWebApplication.php(141): CWebApplication->runController()
#9 /home/raffix/yii/framework/base/CApplication.php(184): CWebApplication->processRequest()
#10 /var/www/html/coinChange/index.php(13): CWebApplication->run()
REQUEST_URI=/coinChange/
in /var/www/html/coinChange/protected/views/site/index.php (18)
in /var/www/html/coinChange/protected/controllers/SiteController.php (32)
in /var/www/html/coinChange/index.php (13)
2015/11/15 21:56:07 [error] [php] Array to string conversion (/var/www/html/coinChange/protected/controllers/SiteController.php:36)
Stack trace:
#0 /home/raffix/yii/framework/web/CController.php(286): SiteController->runAction()
#1 /home/raffix/yii/framework/web/CController.php(265): SiteController->runActionWithFilters()
#2 /home/raffix/yii/framework/web/CWebApplication.php(282): SiteController->run()
#3 /home/raffix/yii/framework/web/CWebApplication.php(141): CWebApplication->runController()
#4 /home/raffix/yii/framework/base/CApplication.php(184): CWebApplication->processRequest()
#5 /var/www/html/coinChange/index.php(13): CWebApplication->run()
REQUEST_URI=/coinChange/
in /var/www/html/coinChange/protected/controllers/SiteController.php (36)
in /var/www/html/coinChange/index.php (13)
2015/11/15 22:04:30 [error] [php] Array to string conversion (/var/www/html/coinChange/protected/controllers/SiteController.php:36)
Stack trace:
#0 /home/raffix/yii/framework/web/CController.php(286): SiteController->runAction()
#1 /home/raffix/yii/framework/web/CController.php(265): SiteController->runActionWithFilters()
#2 /home/raffix/yii/framework/web/CWebApplication.php(282): SiteController->run()
#3 /home/raffix/yii/framework/web/CWebApplication.php(141): CWebApplication->runController()
#4 /home/raffix/yii/framework/base/CApplication.php(184): CWebApplication->processRequest()
#5 /var/www/html/coinChange/index.php(13): CWebApplication->run()
REQUEST_URI=/coinChange/
in /var/www/html/coinChange/protected/controllers/SiteController.php (36)
in /var/www/html/coinChange/index.php (13)
2015/11/15 22:31:02 [error] [php] Undefined variable: d (/var/www/html/coinChange/protected/models/CoinChange.php:24)
Stack trace:
#0 /home/raffix/yii/framework/web/CController.php(308): CInlineAction->runWithParams()
#1 /home/raffix/yii/framework/web/CController.php(286): SiteController->runAction()
#2 /home/raffix/yii/framework/web/CController.php(265): SiteController->runActionWithFilters()
#3 /home/raffix/yii/framework/web/CWebApplication.php(282): SiteController->run()
#4 /home/raffix/yii/framework/web/CWebApplication.php(141): CWebApplication->runController()
#5 /home/raffix/yii/framework/base/CApplication.php(184): CWebApplication->processRequest()
#6 /var/www/html/coinChange/index.php(13): CWebApplication->run()
REQUEST_URI=/coinChange/
in /var/www/html/coinChange/protected/models/CoinChange.php (24)
in /var/www/html/coinChange/protected/controllers/SiteController.php (40)
in /var/www/html/coinChange/index.php (13)
2015/11/15 22:32:08 [error] [php] Invalid argument supplied for foreach() (/var/www/html/coinChange/protected/models/CoinChange.php:24)
Stack trace:
#0 /home/raffix/yii/framework/web/CController.php(308): CInlineAction->runWithParams()
#1 /home/raffix/yii/framework/web/CController.php(286): SiteController->runAction()
#2 /home/raffix/yii/framework/web/CController.php(265): SiteController->runActionWithFilters()
#3 /home/raffix/yii/framework/web/CWebApplication.php(282): SiteController->run()
#4 /home/raffix/yii/framework/web/CWebApplication.php(141): CWebApplication->runController()
#5 /home/raffix/yii/framework/base/CApplication.php(184): CWebApplication->processRequest()
#6 /var/www/html/coinChange/index.php(13): CWebApplication->run()
REQUEST_URI=/coinChange/
in /var/www/html/coinChange/protected/models/CoinChange.php (24)
in /var/www/html/coinChange/protected/controllers/SiteController.php (40)
in /var/www/html/coinChange/index.php (13)
2015/11/15 22:33:41 [error] [php] Undefined offset: 19 (/var/www/html/coinChange/protected/models/CoinChange.php:26)
Stack trace:
#0 /home/raffix/yii/framework/web/CController.php(308): CInlineAction->runWithParams()
#1 /home/raffix/yii/framework/web/CController.php(286): SiteController->runAction()
#2 /home/raffix/yii/framework/web/CController.php(265): SiteController->runActionWithFilters()
#3 /home/raffix/yii/framework/web/CWebApplication.php(282): SiteController->run()
#4 /home/raffix/yii/framework/web/CWebApplication.php(141): CWebApplication->runController()
#5 /home/raffix/yii/framework/base/CApplication.php(184): CWebApplication->processRequest()
#6 /var/www/html/coinChange/index.php(13): CWebApplication->run()
REQUEST_URI=/coinChange/
in /var/www/html/coinChange/protected/models/CoinChange.php (26)
in /var/www/html/coinChange/protected/controllers/SiteController.php (40)
in /var/www/html/coinChange/index.php (13)
2015/11/15 22:34:33 [error] [php] Undefined offset: 19 (/var/www/html/coinChange/protected/models/CoinChange.php:26)
Stack trace:
#0 /home/raffix/yii/framework/web/CController.php(308): CInlineAction->runWithParams()
#1 /home/raffix/yii/framework/web/CController.php(286): SiteController->runAction()
#2 /home/raffix/yii/framework/web/CController.php(265): SiteController->runActionWithFilters()
#3 /home/raffix/yii/framework/web/CWebApplication.php(282): SiteController->run()
#4 /home/raffix/yii/framework/web/CWebApplication.php(141): CWebApplication->runController()
#5 /home/raffix/yii/framework/base/CApplication.php(184): CWebApplication->processRequest()
#6 /var/www/html/coinChange/index.php(13): CWebApplication->run()
REQUEST_URI=/coinChange/
in /var/www/html/coinChange/protected/models/CoinChange.php (26)
in /var/www/html/coinChange/protected/controllers/SiteController.php (40)
in /var/www/html/coinChange/index.php (13)
2015/11/15 22:34:39 [error] [php] Undefined offset: 19 (/var/www/html/coinChange/protected/models/CoinChange.php:26)
Stack trace:
#0 /home/raffix/yii/framework/web/CController.php(308): CInlineAction->runWithParams()
#1 /home/raffix/yii/framework/web/CController.php(286): SiteController->runAction()
#2 /home/raffix/yii/framework/web/CController.php(265): SiteController->runActionWithFilters()
#3 /home/raffix/yii/framework/web/CWebApplication.php(282): SiteController->run()
#4 /home/raffix/yii/framework/web/CWebApplication.php(141): CWebApplication->runController()
#5 /home/raffix/yii/framework/base/CApplication.php(184): CWebApplication->processRequest()
#6 /var/www/html/coinChange/index.php(13): CWebApplication->run()
REQUEST_URI=/coinChange/
in /var/www/html/coinChange/protected/models/CoinChange.php (26)
in /var/www/html/coinChange/protected/controllers/SiteController.php (40)
in /var/www/html/coinChange/index.php (13)
2015/11/15 22:40:45 [error] [php] Undefined offset: 20 (/var/www/html/coinChange/protected/models/CoinChange.php:34)
Stack trace:
#0 /home/raffix/yii/framework/web/CController.php(308): CInlineAction->runWithParams()
#1 /home/raffix/yii/framework/web/CController.php(286): SiteController->runAction()
#2 /home/raffix/yii/framework/web/CController.php(265): SiteController->runActionWithFilters()
#3 /home/raffix/yii/framework/web/CWebApplication.php(282): SiteController->run()
#4 /home/raffix/yii/framework/web/CWebApplication.php(141): CWebApplication->runController()
#5 /home/raffix/yii/framework/base/CApplication.php(184): CWebApplication->processRequest()
#6 /var/www/html/coinChange/index.php(13): CWebApplication->run()
REQUEST_URI=/coinChange/
in /var/www/html/coinChange/protected/models/CoinChange.php (34)
in /var/www/html/coinChange/protected/controllers/SiteController.php (40)
in /var/www/html/coinChange/index.php (13)
2015/11/15 22:41:26 [error] [php] Undefined offset: 19 (/var/www/html/coinChange/protected/models/CoinChange.php:26)
Stack trace:
#0 /home/raffix/yii/framework/web/CController.php(308): CInlineAction->runWithParams()
#1 /home/raffix/yii/framework/web/CController.php(286): SiteController->runAction()
#2 /home/raffix/yii/framework/web/CController.php(265): SiteController->runActionWithFilters()
#3 /home/raffix/yii/framework/web/CWebApplication.php(282): SiteController->run()
#4 /home/raffix/yii/framework/web/CWebApplication.php(141): CWebApplication->runController()
#5 /home/raffix/yii/framework/base/CApplication.php(184): CWebApplication->processRequest()
#6 /var/www/html/coinChange/index.php(13): CWebApplication->run()
REQUEST_URI=/coinChange/
in /var/www/html/coinChange/protected/models/CoinChange.php (26)
in /var/www/html/coinChange/protected/controllers/SiteController.php (40)
in /var/www/html/coinChange/index.php (13)
2015/11/15 22:41:28 [error] [php] Undefined offset: 19 (/var/www/html/coinChange/protected/models/CoinChange.php:26)
Stack trace:
#0 /home/raffix/yii/framework/web/CController.php(308): CInlineAction->runWithParams()
#1 /home/raffix/yii/framework/web/CController.php(286): SiteController->runAction()
#2 /home/raffix/yii/framework/web/CController.php(265): SiteController->runActionWithFilters()
#3 /home/raffix/yii/framework/web/CWebApplication.php(282): SiteController->run()
#4 /home/raffix/yii/framework/web/CWebApplication.php(141): CWebApplication->runController()
#5 /home/raffix/yii/framework/base/CApplication.php(184): CWebApplication->processRequest()
#6 /var/www/html/coinChange/index.php(13): CWebApplication->run()
REQUEST_URI=/coinChange/
in /var/www/html/coinChange/protected/models/CoinChange.php (26)
in /var/www/html/coinChange/protected/controllers/SiteController.php (40)
in /var/www/html/coinChange/index.php (13)
2015/11/15 23:34:27 [error] [php] Cannot use a scalar value as an array (/var/www/html/coinChange/protected/models/CoinChange.php:16)
Stack trace:
#0 /home/raffix/yii/framework/web/CController.php(308): CInlineAction->runWithParams()
#1 /home/raffix/yii/framework/web/CController.php(286): SiteController->runAction()
#2 /home/raffix/yii/framework/web/CController.php(265): SiteController->runActionWithFilters()
#3 /home/raffix/yii/framework/web/CWebApplication.php(282): SiteController->run()
#4 /home/raffix/yii/framework/web/CWebApplication.php(141): CWebApplication->runController()
#5 /home/raffix/yii/framework/base/CApplication.php(184): CWebApplication->processRequest()
#6 /var/www/html/coinChange/index.php(13): CWebApplication->run()
REQUEST_URI=/coinChange/
in /var/www/html/coinChange/protected/models/CoinChange.php (16)
in /var/www/html/coinChange/protected/controllers/SiteController.php (40)
in /var/www/html/coinChange/index.php (13)
